13:30:32 **** Incremental Build of configuration Nios II for project NIOS ****
wsl make all 
Info: Building /mnt/c/Users/guan-ming.dennis-won/Documents/Code/FPGA_EPCQ_Programmer/software/NIOS_bsp/
make --no-print-directory -C /mnt/c/Users/guan-ming.dennis-won/Documents/Code/FPGA_EPCQ_Programmer/software/NIOS_bsp/
[BSP build complete]
Info: Linking NIOS.elf
nios2-elf-g++.exe  -T'c:/Users/guan-ming.dennis-won/Documents/Code/FPGA_EPCQ_Programmer/software/NIOS_bsp//linker.x' -msys-crt0='c:/Users/guan-ming.dennis-won/Documents/Code/FPGA_EPCQ_Programmer/software/NIOS_bsp//obj/HAL/src/crt0.o' -msys-lib=hal_bsp -Lc:/Users/guan-ming.dennis-won/Documents/Code/FPGA_EPCQ_Programmer/software/NIOS_bsp/  -msmallc  -Wl,-Map=NIOS.map   -Os -g -Wall   -mno-hw-div -mno-hw-div -mno-hw-mul -mno-hw-mulx -mgpopt=global  -o NIOS.elf obj/default/hello_world_small.o obj/default/peripheral/peripheral_linker.o -lm -msys-lib=m
c:/intelfpga_lite/23.1std/nios2eds/bin/gnu/h-x86_64-mingw32/bin/../lib/gcc/nios2-elf/12.3.1/../../../../../H-x86_64-mingw32/nios2-elf/bin/ld.exe: obj/default/peripheral/peripheral_linker.o: in function `erase_epcq_sector':
C:\Users\guan-ming.dennis-won\Documents\Code\FPGA_EPCQ_Programmer\software\NIOS/peripheral/peripheral_linker.c:54: undefined reference to `epcq_dev_ptr'
c:/intelfpga_lite/23.1std/nios2eds/bin/gnu/h-x86_64-mingw32/bin/../lib/gcc/nios2-elf/12.3.1/../../../../../H-x86_64-mingw32/nios2-elf/bin/ld.exe: obj/default/peripheral/peripheral_linker.o: in function `erase_epcq_all_sector':
C:\Users\guan-ming.dennis-won\Documents\Code\FPGA_EPCQ_Programmer\software\NIOS/peripheral/peripheral_linker.c:74: undefined reference to `epcq_dev_ptr'
c:/intelfpga_lite/23.1std/nios2eds/bin/gnu/h-x86_64-mingw32/bin/../lib/gcc/nios2-elf/12.3.1/../../../../../H-x86_64-mingw32/nios2-elf/bin/ld.exe: obj/default/peripheral/peripheral_linker.o: in function `epcq_controller_sanity_check':
C:\Users\guan-ming.dennis-won\Documents\Code\FPGA_EPCQ_Programmer\software\NIOS/peripheral/peripheral_linker.c:94: undefined reference to `epcq_dev_ptr'
c:/intelfpga_lite/23.1std/nios2eds/bin/gnu/h-x86_64-mingw32/bin/../lib/gcc/nios2-elf/12.3.1/../../../../../H-x86_64-mingw32/nios2-elf/bin/ld.exe: C:\Users\guan-ming.dennis-won\Documents\Code\FPGA_EPCQ_Programmer\software\NIOS/peripheral/peripheral_linker.c:127: undefined reference to `epcq_dev_ptr'
collect2.exe: error: ld returned 1 exit status
Makefile:1015: recipe for target 'NIOS.elf' failed
make: *** [NIOS.elf] Error 1
13:31:08 **** Incremental Build of configuration Nios II for project NIOS ****
wsl make all 
Info: Building /mnt/c/Users/guan-ming.dennis-won/Documents/Code/FPGA_EPCQ_Programmer/software/NIOS_bsp/
make --no-print-directory -C /mnt/c/Users/guan-ming.dennis-won/Documents/Code/FPGA_EPCQ_Programmer/software/NIOS_bsp/
Compiling alt_sys_init.c...
nios2-elf-gcc.exe -xc -MP -MMD -c  -I./HAL/inc -I. -I./drivers/inc -pipe -D__hal__ -DALT_NO_C_PLUS_PLUS -DALT_NO_CLEAN_EXIT -D'exit(a)=_exit(a)' -DALT_NO_EXIT -DALT_USE_DIRECT_DRIVERS -DALT_NO_INSTRUCTION_EMULATION -DALT_USE_SMALL_DRIVERS -DSMALL_C_LIB -DALT_SINGLE_THREADED    '-Os' -g -Wall  -mno-hw-div -mno-hw-div -mno-hw-mul -mno-hw-mulx -mgpopt=global   -o obj/alt_sys_init.o alt_sys_init.c
Creating libhal_bsp.a...
rm -f -f libhal_bsp.a
nios2-elf-ar.exe -src libhal_bsp.a obj/HAL/src/alt_alarm_start.o obj/HAL/src/alt_busy_sleep.o obj/HAL/src/alt_close.o obj/HAL/src/alt_dcache_flush.o obj/HAL/src/alt_dcache_flush_all.o obj/HAL/src/alt_dcache_flush_no_writeback.o obj/HAL/src/alt_dev.o obj/HAL/src/alt_dev_llist_insert.o obj/HAL/src/alt_dma_rxchan_open.o obj/HAL/src/alt_dma_txchan_open.o obj/HAL/src/alt_do_ctors.o obj/HAL/src/alt_do_dtors.o obj/HAL/src/alt_ecc_fatal_entry.o obj/HAL/src/alt_ecc_fatal_exception.o obj/HAL/src/alt_env_lock.o obj/HAL/src/alt_environ.o obj/HAL/src/alt_errno.o obj/HAL/src/alt_exception_entry.o obj/HAL/src/alt_exception_muldiv.o obj/HAL/src/alt_exception_trap.o obj/HAL/src/alt_execve.o obj/HAL/src/alt_exit.o obj/HAL/src/alt_fcntl.o obj/HAL/src/alt_fd_lock.o obj/HAL/src/alt_fd_unlock.o obj/HAL/src/alt_find_dev.o obj/HAL/src/alt_find_file.o obj/HAL/src/alt_flash_dev.o obj/HAL/src/alt_fork.o obj/HAL/src/alt_fs_reg.o obj/HAL/src/alt_fstat.o obj/HAL/src/alt_get_fd.o obj/HAL/src/alt_getchar.o obj/HAL/src/alt_getpid.o obj/HAL/src/alt_gettod.o obj/HAL/src/alt_gmon.o obj/HAL/src/alt_icache_flush.o obj/HAL/src/alt_icache_flush_all.o obj/HAL/src/alt_iic.o obj/HAL/src/alt_iic_isr_register.o obj/HAL/src/alt_instruction_exception_entry.o obj/HAL/src/alt_instruction_exception_register.o obj/HAL/src/alt_io_redirect.o obj/HAL/src/alt_ioctl.o obj/HAL/src/alt_irq_entry.o obj/HAL/src/alt_irq_handler.o obj/HAL/src/alt_irq_register.o obj/HAL/src/alt_irq_vars.o obj/HAL/src/alt_isatty.o obj/HAL/src/alt_kill.o obj/HAL/src/alt_link.o obj/HAL/src/alt_load.o obj/HAL/src/alt_log_macro.o obj/HAL/src/alt_log_printf.o obj/HAL/src/alt_lseek.o obj/HAL/src/alt_main.o obj/HAL/src/alt_malloc_lock.o obj/HAL/src/alt_mcount.o obj/HAL/src/alt_open.o obj/HAL/src/alt_printf.o obj/HAL/src/alt_putchar.o obj/HAL/src/alt_putcharbuf.o obj/HAL/src/alt_putstr.o obj/HAL/src/alt_read.o obj/HAL/src/alt_release_fd.o obj/HAL/src/alt_remap_cached.o obj/HAL/src/alt_remap_uncached.o obj/HAL/src/alt_rename.o obj/HAL/src/alt_sbrk.o obj/HAL/src/alt_settod.o obj/HAL/src/alt_software_exception.o obj/HAL/src/alt_stat.o obj/HAL/src/alt_tick.o obj/HAL/src/alt_times.o obj/HAL/src/alt_uncached_free.o obj/HAL/src/alt_uncached_malloc.o obj/HAL/src/alt_unlink.o obj/HAL/src/alt_usleep.o obj/HAL/src/alt_wait.o obj/HAL/src/alt_write.o obj/HAL/src/altera_nios2_gen2_irq.o obj/HAL/src/crt0.o obj/alt_sys_init.o obj/drivers/src/altera_avalon_jtag_uart_fd.o obj/drivers/src/altera_avalon_jtag_uart_init.o obj/drivers/src/altera_avalon_jtag_uart_ioctl.o obj/drivers/src/altera_avalon_jtag_uart_read.o obj/drivers/src/altera_avalon_jtag_uart_write.o obj/drivers/src/altera_epcq_controller2.o
[BSP build complete]
Info: Linking NIOS.elf
nios2-elf-g++.exe  -T'c:/Users/guan-ming.dennis-won/Documents/Code/FPGA_EPCQ_Programmer/software/NIOS_bsp//linker.x' -msys-crt0='c:/Users/guan-ming.dennis-won/Documents/Code/FPGA_EPCQ_Programmer/software/NIOS_bsp//obj/HAL/src/crt0.o' -msys-lib=hal_bsp -Lc:/Users/guan-ming.dennis-won/Documents/Code/FPGA_EPCQ_Programmer/software/NIOS_bsp/  -msmallc  -Wl,-Map=NIOS.map   -Os -g -Wall   -mno-hw-div -mno-hw-div -mno-hw-mul -mno-hw-mulx -mgpopt=global  -o NIOS.elf obj/default/hello_world_small.o obj/default/peripheral/peripheral_linker.o -lm -msys-lib=m
nios2-elf-insert.exe NIOS.elf --thread_model hal --cpu_name NIOS --qsys true --simulation_enabled false --stderr_dev DEBUG --stdin_dev DEBUG --stdout_dev DEBUG --sopc_system_name NIOS --quartus_project_dir "c:/Users/guan-ming.dennis-won/Documents/Code/FPGA_EPCQ_Programmer" --jdi ../..//output_files/fpga_epcq_controller.jdi --sopcinfo C:/Users/guan-ming.dennis-won/Documents/Code/FPGA_EPCQ_Programmer/NIOS.sopcinfo
Info: (NIOS.elf) 10 KBytes program size (code + initialized data).
Info:            29 KBytes free for stack + heap.
Info: Creating NIOS.objdump
nios2-elf-objdump.exe --disassemble --syms --all-header --source NIOS.elf >NIOS.objdump
[NIOS build complete]
13:31:26 **** Incremental Build of configuration Nios II for project NIOS ****
wsl make all 
Info: Building /mnt/c/Users/guan-ming.dennis-won/Documents/Code/FPGA_EPCQ_Programmer/software/NIOS_bsp/
make --no-print-directory -C /mnt/c/Users/guan-ming.dennis-won/Documents/Code/FPGA_EPCQ_Programmer/software/NIOS_bsp/
[BSP build complete]
[NIOS build complete]
13:45:34 **** Build of configuration Nios II for project NIOS ****
wsl make all 
Info: Building /mnt/c/Users/guan-ming.dennis-won/Documents/Code/FPGA_EPCQ_Programmer/software/NIOS_bsp/
make --no-print-directory -C /mnt/c/Users/guan-ming.dennis-won/Documents/Code/FPGA_EPCQ_Programmer/software/NIOS_bsp/
[BSP build complete]
[NIOS build complete]
13:46:59 **** Incremental Build of configuration Nios II for project NIOS ****
wsl make all 
Info: Building /mnt/c/Users/guan-ming.dennis-won/Documents/Code/FPGA_EPCQ_Programmer/software/NIOS_bsp/
make --no-print-directory -C /mnt/c/Users/guan-ming.dennis-won/Documents/Code/FPGA_EPCQ_Programmer/software/NIOS_bsp/
[BSP build complete]
[NIOS build complete]
23:05:50 **** Incremental Build of configuration Nios II for project NIOS ****
wsl make all 
Info: Building /mnt/c/Users/guan-ming.dennis-won/Documents/Code/FPGA_EPCQ_Programmer/software/NIOS_bsp/
make --no-print-directory -C /mnt/c/Users/guan-ming.dennis-won/Documents/Code/FPGA_EPCQ_Programmer/software/NIOS_bsp/
[BSP build complete]
[NIOS build complete]
23:15:53 **** Incremental Build of configuration Nios II for project NIOS ****
wsl make all 
Info: Building /mnt/c/Users/guan-ming.dennis-won/Documents/Code/FPGA_EPCQ_Programmer/software/NIOS_bsp/
make --no-print-directory -C /mnt/c/Users/guan-ming.dennis-won/Documents/Code/FPGA_EPCQ_Programmer/software/NIOS_bsp/
[BSP build complete]
Info: Compiling hello_world_small.c to obj/default/hello_world_small.o
nios2-elf-gcc.exe -xc -MP -MMD -c -Ic:/Users/guan-ming.dennis-won/Documents/Code/FPGA_EPCQ_Programmer/software/NIOS_bsp//HAL/inc -Ic:/Users/guan-ming.dennis-won/Documents/Code/FPGA_EPCQ_Programmer/software/NIOS_bsp/ -Ic:/Users/guan-ming.dennis-won/Documents/Code/FPGA_EPCQ_Programmer/software/NIOS_bsp//drivers/inc  -pipe -D__hal__ -DALT_NO_C_PLUS_PLUS -DALT_NO_CLEAN_EXIT -D'exit(a)=_exit(a)' -DALT_NO_EXIT -DALT_USE_DIRECT_DRIVERS -DALT_NO_INSTRUCTION_EMULATION -DALT_USE_SMALL_DRIVERS -DSMALL_C_LIB -DALT_SINGLE_THREADED    -Os -g -Wall   -mno-hw-div -mno-hw-div -mno-hw-mul -mno-hw-mulx -mgpopt=global  -o "obj/default/hello_world_small.o" "hello_world_small.c"
hello_world_small.c: In function 'main':
hello_world_small.c:20:3: warning: implicit declaration of function 'printf' [-Wimplicit-function-declaration]
   20 |   printf("Modify Data & Save to EPCQ Memory!\n");
      |   ^~~~~~
hello_world_small.c:9:1: note: include '<stdio.h>' or provide a declaration of 'printf'
    8 | #include "peripheral/peripheral_linker.h"
  +++ |+#include <stdio.h>
    9 | 
hello_world_small.c:20:3: warning: incompatible implicit declaration of built-in function 'printf' [-Wbuiltin-declaration-mismatch]
   20 |   printf("Modify Data & Save to EPCQ Memory!\n");
      |   ^~~~~~
hello_world_small.c:20:3: note: include '<stdio.h>' or provide a declaration of 'printf'
hello_world_small.c:37:17: warning: implicit declaration of function 'alt_busy_sleep' [-Wimplicit-function-declaration]
   37 |                 alt_busy_sleep(1000000);
      |                 ^~~~~~~~~~~~~~
Info: Linking NIOS.elf
nios2-elf-g++.exe  -T'c:/Users/guan-ming.dennis-won/Documents/Code/FPGA_EPCQ_Programmer/software/NIOS_bsp//linker.x' -msys-crt0='c:/Users/guan-ming.dennis-won/Documents/Code/FPGA_EPCQ_Programmer/software/NIOS_bsp//obj/HAL/src/crt0.o' -msys-lib=hal_bsp -Lc:/Users/guan-ming.dennis-won/Documents/Code/FPGA_EPCQ_Programmer/software/NIOS_bsp/  -msmallc  -Wl,-Map=NIOS.map   -Os -g -Wall   -mno-hw-div -mno-hw-div -mno-hw-mul -mno-hw-mulx -mgpopt=global  -o NIOS.elf obj/default/hello_world_small.o obj/default/peripheral/peripheral_linker.o -lm -msys-lib=m
nios2-elf-insert.exe NIOS.elf --thread_model hal --cpu_name NIOS --qsys true --simulation_enabled false --stderr_dev DEBUG --stdin_dev DEBUG --stdout_dev DEBUG --sopc_system_name NIOS --quartus_project_dir "c:/Users/guan-ming.dennis-won/Documents/Code/FPGA_EPCQ_Programmer" --jdi ../..//output_files/fpga_epcq_controller.jdi --sopcinfo C:/Users/guan-ming.dennis-won/Documents/Code/FPGA_EPCQ_Programmer/NIOS.sopcinfo
Info: (NIOS.elf) 10 KBytes program size (code + initialized data).
Info:            29 KBytes free for stack + heap.
Info: Creating NIOS.objdump
nios2-elf-objdump.exe --disassemble --syms --all-header --source NIOS.elf >NIOS.objdump
[NIOS build complete]
23:16:21 **** Incremental Build of configuration Nios II for project NIOS ****
wsl make all 
Info: Building /mnt/c/Users/guan-ming.dennis-won/Documents/Code/FPGA_EPCQ_Programmer/software/NIOS_bsp/
make --no-print-directory -C /mnt/c/Users/guan-ming.dennis-won/Documents/Code/FPGA_EPCQ_Programmer/software/NIOS_bsp/
[BSP build complete]
[NIOS build complete]
23:29:30 **** Incremental Build of configuration Nios II for project NIOS ****
wsl make all 
Info: Building /mnt/c/Users/guan-ming.dennis-won/Documents/Code/FPGA_EPCQ_Programmer/software/NIOS_bsp/
make --no-print-directory -C /mnt/c/Users/guan-ming.dennis-won/Documents/Code/FPGA_EPCQ_Programmer/software/NIOS_bsp/
[BSP build complete]
Info: Compiling hello_world_small.c to obj/default/hello_world_small.o
nios2-elf-gcc.exe -xc -MP -MMD -c -Ic:/Users/guan-ming.dennis-won/Documents/Code/FPGA_EPCQ_Programmer/software/NIOS_bsp//HAL/inc -Ic:/Users/guan-ming.dennis-won/Documents/Code/FPGA_EPCQ_Programmer/software/NIOS_bsp/ -Ic:/Users/guan-ming.dennis-won/Documents/Code/FPGA_EPCQ_Programmer/software/NIOS_bsp//drivers/inc  -pipe -D__hal__ -DALT_NO_C_PLUS_PLUS -DALT_NO_CLEAN_EXIT -D'exit(a)=_exit(a)' -DALT_NO_EXIT -DALT_USE_DIRECT_DRIVERS -DALT_NO_INSTRUCTION_EMULATION -DALT_USE_SMALL_DRIVERS -DSMALL_C_LIB -DALT_SINGLE_THREADED    -Os -g -Wall   -mno-hw-div -mno-hw-div -mno-hw-mul -mno-hw-mulx -mgpopt=global  -o "obj/default/hello_world_small.o" "hello_world_small.c"
hello_world_small.c: In function 'main':
hello_world_small.c:21:3: warning: implicit declaration of function 'printf' [-Wimplicit-function-declaration]
   21 |   printf("Modify Data & Save to EPCQ Memory!\n");
      |   ^~~~~~
hello_world_small.c:9:1: note: include '<stdio.h>' or provide a declaration of 'printf'
    8 | #include "peripheral/peripheral_linker.h"
  +++ |+#include <stdio.h>
    9 | 
hello_world_small.c:21:3: warning: incompatible implicit declaration of built-in function 'printf' [-Wbuiltin-declaration-mismatch]
   21 |   printf("Modify Data & Save to EPCQ Memory!\n");
      |   ^~~~~~
hello_world_small.c:21:3: note: include '<stdio.h>' or provide a declaration of 'printf'
hello_world_small.c:50:17: warning: implicit declaration of function 'alt_busy_sleep' [-Wimplicit-function-declaration]
   50 |                 alt_busy_sleep(1000000);
      |                 ^~~~~~~~~~~~~~
Info: Linking NIOS.elf
nios2-elf-g++.exe  -T'c:/Users/guan-ming.dennis-won/Documents/Code/FPGA_EPCQ_Programmer/software/NIOS_bsp//linker.x' -msys-crt0='c:/Users/guan-ming.dennis-won/Documents/Code/FPGA_EPCQ_Programmer/software/NIOS_bsp//obj/HAL/src/crt0.o' -msys-lib=hal_bsp -Lc:/Users/guan-ming.dennis-won/Documents/Code/FPGA_EPCQ_Programmer/software/NIOS_bsp/  -msmallc  -Wl,-Map=NIOS.map   -Os -g -Wall   -mno-hw-div -mno-hw-div -mno-hw-mul -mno-hw-mulx -mgpopt=global  -o NIOS.elf obj/default/hello_world_small.o obj/default/peripheral/peripheral_linker.o -lm -msys-lib=m
nios2-elf-insert.exe NIOS.elf --thread_model hal --cpu_name NIOS --qsys true --simulation_enabled false --stderr_dev DEBUG --stdin_dev DEBUG --stdout_dev DEBUG --sopc_system_name NIOS --quartus_project_dir "c:/Users/guan-ming.dennis-won/Documents/Code/FPGA_EPCQ_Programmer" --jdi ../..//output_files/fpga_epcq_controller.jdi --sopcinfo C:/Users/guan-ming.dennis-won/Documents/Code/FPGA_EPCQ_Programmer/NIOS.sopcinfo
Info: (NIOS.elf) 10 KBytes program size (code + initialized data).
Info:            29 KBytes free for stack + heap.
Info: Creating NIOS.objdump
nios2-elf-objdump.exe --disassemble --syms --all-header --source NIOS.elf >NIOS.objdump
[NIOS build complete]
23:29:40 **** Incremental Build of configuration Nios II for project NIOS ****
wsl make all 
Info: Building /mnt/c/Users/guan-ming.dennis-won/Documents/Code/FPGA_EPCQ_Programmer/software/NIOS_bsp/
make --no-print-directory -C /mnt/c/Users/guan-ming.dennis-won/Documents/Code/FPGA_EPCQ_Programmer/software/NIOS_bsp/
[BSP build complete]
[NIOS build complete]
23:34:06 **** Incremental Build of configuration Nios II for project NIOS ****
wsl make all 
Info: Building /mnt/c/Users/guan-ming.dennis-won/Documents/Code/FPGA_EPCQ_Programmer/software/NIOS_bsp/
make --no-print-directory -C /mnt/c/Users/guan-ming.dennis-won/Documents/Code/FPGA_EPCQ_Programmer/software/NIOS_bsp/
[BSP build complete]
[NIOS build complete]
