17:12:55 **** Incremental Build of configuration Nios II for project NIOS ****
wsl make all 
Info: Building /mnt/c/Users/guan-ming.dennis-won/Documents/Code/FPGA_EPCQ_Programmer/software/NIOS_bsp/
make --no-print-directory -C /mnt/c/Users/guan-ming.dennis-won/Documents/Code/FPGA_EPCQ_Programmer/software/NIOS_bsp/
[BSP build complete]
Info: Compiling hello_world_small.c to obj/default/hello_world_small.o
nios2-elf-gcc.exe -xc -MP -MMD -c -Ic:/Users/guan-ming.dennis-won/Documents/Code/FPGA_EPCQ_Programmer/software/NIOS_bsp//HAL/inc -Ic:/Users/guan-ming.dennis-won/Documents/Code/FPGA_EPCQ_Programmer/software/NIOS_bsp/ -Ic:/Users/guan-ming.dennis-won/Documents/Code/FPGA_EPCQ_Programmer/software/NIOS_bsp//drivers/inc  -pipe -D__hal__ -DALT_NO_C_PLUS_PLUS -DALT_NO_CLEAN_EXIT -D'exit(a)=_exit(a)' -DALT_NO_EXIT -DALT_USE_DIRECT_DRIVERS -DALT_NO_INSTRUCTION_EMULATION -DALT_USE_SMALL_DRIVERS -DSMALL_C_LIB -DALT_SINGLE_THREADED    -Os -g -Wall   -mno-hw-div -mno-hw-div -mno-hw-mul -mno-hw-mulx -mgpopt=global  -o "obj/default/hello_world_small.o" "hello_world_small.c"
hello_world_small.c: In function 'main':
hello_world_small.c:31:11: warning: implicit declaration of function 'printf' [-Wimplicit-function-declaration]
   31 |           printf("Read successful!\n");
      |           ^~~~~~
hello_world_small.c:10:1: note: include '<stdio.h>' or provide a declaration of 'printf'
    9 | #include "peripheral/peripheral_linker.h"
  +++ |+#include <stdio.h>
   10 | 
hello_world_small.c:31:11: warning: incompatible implicit declaration of built-in function 'printf' [-Wbuiltin-declaration-mismatch]
   31 |           printf("Read successful!\n");
      |           ^~~~~~
hello_world_small.c:31:11: note: include '<stdio.h>' or provide a declaration of 'printf'
hello_world_small.c:37:11: warning: incompatible implicit declaration of built-in function 'printf' [-Wbuiltin-declaration-mismatch]
   37 |           printf("Read failed with error code: %d\n", result);
      |           ^~~~~~
hello_world_small.c:37:11: note: include '<stdio.h>' or provide a declaration of 'printf'
hello_world_small.c:45:11: warning: incompatible implicit declaration of built-in function 'printf' [-Wbuiltin-declaration-mismatch]
   45 |           printf("-------------------start of sector 0-------------------------------");
      |           ^~~~~~
hello_world_small.c:45:11: note: include '<stdio.h>' or provide a declaration of 'printf'
hello_world_small.c:18:11: warning: unused variable 'on_off' [-Wunused-variable]
   18 |   uint8_t on_off = 1;
      |           ^~~~~~
Info: Linking NIOS.elf
nios2-elf-g++.exe  -T'c:/Users/guan-ming.dennis-won/Documents/Code/FPGA_EPCQ_Programmer/software/NIOS_bsp//linker.x' -msys-crt0='c:/Users/guan-ming.dennis-won/Documents/Code/FPGA_EPCQ_Programmer/software/NIOS_bsp//obj/HAL/src/crt0.o' -msys-lib=hal_bsp -Lc:/Users/guan-ming.dennis-won/Documents/Code/FPGA_EPCQ_Programmer/software/NIOS_bsp/  -msmallc  -Wl,-Map=NIOS.map   -Os -g -Wall   -mno-hw-div -mno-hw-div -mno-hw-mul -mno-hw-mulx -mgpopt=global  -o NIOS.elf obj/default/hello_world_small.o -lm -msys-lib=m
nios2-elf-insert.exe NIOS.elf --thread_model hal --cpu_name NIOS --qsys true --simulation_enabled false --stderr_dev DEBUG --stdin_dev DEBUG --stdout_dev DEBUG --sopc_system_name NIOS --quartus_project_dir "c:/Users/guan-ming.dennis-won/Documents/Code/FPGA_EPCQ_Programmer" --jdi ../..//output_files/fpga_epcq_controller.jdi --sopcinfo C:/Users/guan-ming.dennis-won/Documents/Code/FPGA_EPCQ_Programmer/NIOS.sopcinfo
Info: (NIOS.elf) 5996 Bytes program size (code + initialized data).
Info:            33 KBytes free for stack + heap.
Info: Creating NIOS.objdump
nios2-elf-objdump.exe --disassemble --syms --all-header --source NIOS.elf >NIOS.objdump
[NIOS build complete]

17:13:01 Build Finished (took 6s.127ms)

